<?xml version="1.0" encoding="UTF-8"?>
<Site BuildName="Win32-MSBuild"
	BuildStamp="20251107-0241-Experimental"
	Name="Piggtop"
	Generator="ctest-4.1.1"
	CompilerName="C:/Program Files/Microsoft Visual Studio/2022/Community/VC/Tools/MSVC/14.44.35207/bin/Hostx86/x86/cl.exe"
	CompilerVersion="19.44.35217.0"
	OSName="Windows"
	Hostname="Piggtop"
	OSRelease=" Personal"
	OSVersion=" (Build 26200)"
	OSPlatform="AMD64"
	Is64Bits="1"
	VendorString="GenuineIntel"
	VendorID="Intel Corporation"
	FamilyID="6"
	ModelID="10"
	ModelName=""
	ProcessorCacheSize="-1"
	NumberOfLogicalCPU="16"
	NumberOfPhysicalCPU="10"
	TotalVirtualMemory="34436"
	TotalPhysicalMemory="32388"
	LogicalProcessorsPerPhysical="1"
	ProcessorClockFrequency="2300"
	>
	<Testing>
		<StartDateTime>Nov 07 00:45 Pacific Standard Time</StartDateTime>
		<StartTestTime>1762505156</StartTestTime>
		<TestList/>
		<EndDateTime>Nov 07 00:45 Pacific Standard Time</EndDateTime>
		<EndTestTime>1762505156</EndTestTime>
		<ElapsedMinutes>0</ElapsedMinutes>
	</Testing>
</Site>
